<?xml version="1.0" encoding="UTF-8"?>
<testsuite xmlns:xsi="http://www.w3.org/2001/XMLSchema-instance" xsi:noNamespaceSchemaLocation="https://maven.apache.org/surefire/maven-surefire-plugin/xsd/surefire-test-report.xsd" name="teds.PrimeiraProvaEx1.Equacao2oGrauTest" time="0.018" tests="1" errors="0" skipped="0" failures="1">
  <properties>
    <property name="sun.desktop" value="gnome"/>
    <property name="awt.toolkit" value="sun.awt.X11.XToolkit"/>
    <property name="java.specification.version" value="10"/>
    <property name="file.encoding.pkg" value="sun.io"/>
    <property name="sun.cpu.isalist" value=""/>
    <property name="sun.jnu.encoding" value="UTF-8"/>
    <property name="java.class.path" value="/mnt/1AF0FB9CF0FB7C77/Projetos/TEDS/PrimeiraProvaEx1/target/test-classes:/mnt/1AF0FB9CF0FB7C77/Projetos/TEDS/PrimeiraProvaEx1/target/classes:/home/marcos/maven/repositorioMaven/org/junit/jupiter/junit-jupiter-engine/5.2.0/junit-jupiter-engine-5.2.0.jar:/home/marcos/maven/repositorioMaven/org/apiguardian/apiguardian-api/1.0.0/apiguardian-api-1.0.0.jar:/home/marcos/maven/repositorioMaven/org/junit/platform/junit-platform-engine/1.2.0/junit-platform-engine-1.2.0.jar:/home/marcos/maven/repositorioMaven/org/junit/platform/junit-platform-commons/1.2.0/junit-platform-commons-1.2.0.jar:/home/marcos/maven/repositorioMaven/org/opentest4j/opentest4j/1.1.0/opentest4j-1.1.0.jar:/home/marcos/maven/repositorioMaven/org/junit/jupiter/junit-jupiter-api/5.2.0/junit-jupiter-api-5.2.0.jar:"/>
    <property name="java.vm.vendor" value="&quot;Oracle Corporation&quot;"/>
    <property name="sun.arch.data.model" value="64"/>
    <property name="java.vendor.url" value="http://java.oracle.com/"/>
    <property name="user.timezone" value=""/>
    <property name="java.vm.specification.version" value="10"/>
    <property name="os.name" value="Linux"/>
    <property name="sun.java.launcher" value="SUN_STANDARD"/>
    <property name="user.country" value="BR"/>
    <property name="sun.boot.library.path" value="/usr/lib/jvm/java-10-oracle/lib"/>
    <property name="sun.java.command" value="/mnt/1AF0FB9CF0FB7C77/Projetos/TEDS/PrimeiraProvaEx1/target/surefire/surefirebooter1724718011057544585.jar /mnt/1AF0FB9CF0FB7C77/Projetos/TEDS/PrimeiraProvaEx1/target/surefire 2018-10-11T21-08-27_925-jvmRun1 surefire6977643240432045391tmp surefire_01708994293801989561tmp"/>
    <property name="jdk.debug" value="release"/>
    <property name="surefire.test.class.path" value="/mnt/1AF0FB9CF0FB7C77/Projetos/TEDS/PrimeiraProvaEx1/target/test-classes:/mnt/1AF0FB9CF0FB7C77/Projetos/TEDS/PrimeiraProvaEx1/target/classes:/home/marcos/maven/repositorioMaven/org/junit/jupiter/junit-jupiter-engine/5.2.0/junit-jupiter-engine-5.2.0.jar:/home/marcos/maven/repositorioMaven/org/apiguardian/apiguardian-api/1.0.0/apiguardian-api-1.0.0.jar:/home/marcos/maven/repositorioMaven/org/junit/platform/junit-platform-engine/1.2.0/junit-platform-engine-1.2.0.jar:/home/marcos/maven/repositorioMaven/org/junit/platform/junit-platform-commons/1.2.0/junit-platform-commons-1.2.0.jar:/home/marcos/maven/repositorioMaven/org/opentest4j/opentest4j/1.1.0/opentest4j-1.1.0.jar:/home/marcos/maven/repositorioMaven/org/junit/jupiter/junit-jupiter-api/5.2.0/junit-jupiter-api-5.2.0.jar:"/>
    <property name="sun.cpu.endian" value="little"/>
    <property name="user.home" value="/home/marcos"/>
    <property name="user.language" value="pt"/>
    <property name="java.specification.vendor" value="Oracle Corporation"/>
    <property name="java.version.date" value="2018-07-17"/>
    <property name="java.home" value="/usr/lib/jvm/java-10-oracle"/>
    <property name="file.separator" value="/"/>
    <property name="basedir" value="/mnt/1AF0FB9CF0FB7C77/Projetos/TEDS/PrimeiraProvaEx1"/>
    <property name="java.vm.compressedOopsMode" value="32-bit"/>
    <property name="line.separator" value="&#10;"/>
    <property name="java.specification.name" value="Java Platform API Specification"/>
    <property name="java.vm.specification.vendor" value="Oracle Corporation"/>
    <property name="java.awt.graphicsenv" value="sun.awt.X11GraphicsEnvironment"/>
    <property name="surefire.real.class.path" value="/mnt/1AF0FB9CF0FB7C77/Projetos/TEDS/PrimeiraProvaEx1/target/surefire/surefirebooter1724718011057544585.jar"/>
    <property name="sun.management.compiler" value="HotSpot 64-Bit Tiered Compilers"/>
    <property name="java.runtime.version" value="10.0.2+13"/>
    <property name="user.name" value="marcos"/>
    <property name="path.separator" value=":"/>
    <property name="os.version" value="4.8.0-53-generic"/>
    <property name="java.runtime.name" value="Java(TM) SE Runtime Environment"/>
    <property name="file.encoding" value="UTF-8"/>
    <property name="java.vm.name" value="Java HotSpot(TM) 64-Bit Server VM"/>
    <property name="java.vendor.version" value="18.3"/>
    <property name="localRepository" value="/home/marcos/maven/repositorioMaven"/>
    <property name="java.vendor.url.bug" value="http://bugreport.java.com/bugreport/"/>
    <property name="java.io.tmpdir" value="/tmp"/>
    <property name="java.version" value="10.0.2"/>
    <property name="user.dir" value="/mnt/1AF0FB9CF0FB7C77/Projetos/TEDS/PrimeiraProvaEx1"/>
    <property name="os.arch" value="amd64"/>
    <property name="java.vm.specification.name" value="Java Virtual Machine Specification"/>
    <property name="java.awt.printerjob" value="sun.print.PSPrinterJob"/>
    <property name="sun.os.patch.level" value="unknown"/>
    <property name="java.library.path" value="/usr/java/packages/lib:/usr/lib64:/lib64:/lib:/usr/lib"/>
    <property name="java.vendor" value="Oracle Corporation"/>
    <property name="java.vm.info" value="mixed mode"/>
    <property name="java.vm.version" value="10.0.2+13"/>
    <property name="sun.io.unicode.encoding" value="UnicodeLittle"/>
    <property name="java.class.version" value="54.0"/>
  </properties>
  <testcase name="test" classname="teds.PrimeiraProvaEx1.Equacao2oGrauTest" time="0.014">
    <failure message="Unexpected exception type thrown ==&gt; expected: &lt;java.lang.IndexOutOfBoundsException&gt; but was: &lt;java.lang.ArithmeticException&gt;" type="org.opentest4j.AssertionFailedError"><![CDATA[org.opentest4j.AssertionFailedError: Unexpected exception type thrown ==> expected: <java.lang.IndexOutOfBoundsException> but was: <java.lang.ArithmeticException>
	at teds.PrimeiraProvaEx1.Equacao2oGrauTest.test(Equacao2oGrauTest.java:13)
Caused by: java.lang.ArithmeticException: Delta Negativo. Não existem raízes reais.
	at teds.PrimeiraProvaEx1.Equacao2oGrauTest.lambda$test$0(Equacao2oGrauTest.java:13)
	at teds.PrimeiraProvaEx1.Equacao2oGrauTest.test(Equacao2oGrauTest.java:13)
]]></failure>
  </testcase>
</testsuite>